<component name="libraryTable">
  <library name="junit:junit:4.11" type="repository">
    <properties maven-id="junit:junit:4.11" />
    <CLASSES>
      <root url="jar://$PROJECT_DIR$/vendors/junit-4.11.jar!/" />
      <root url="jar://$PROJECT_DIR$/vendors/hamcrest-core-1.3.jar!/" />
    </CLASSES>
    <JAVADOC />
    <SOURCES />
  </library>
</component>